<?xml version="1.0" encoding="UTF-8" ?>
<testsuite tests="1" failures="0" name="com.mycompany.TestHomePage" time="0.39" errors="1" skipped="0">
  <properties>
    <property name="java.runtime.name" value="Java(TM) SE Runtime Environment"/>
    <property name="sun.boot.library.path" value="C:\Program Files\Java\jdk1.8.0_201\jre\bin"/>
    <property name="java.vm.version" value="25.201-b09"/>
    <property name="java.vm.vendor" value="Oracle Corporation"/>
    <property name="maven.multiModuleProjectDirectory" value="C:\Users\jose osorio soto\HDOOA\HDesignPatterns\Wicket\test-project"/>
    <property name="java.vendor.url" value="http://java.oracle.com/"/>
    <property name="path.separator" value=";"/>
    <property name="guice.disable.misplaced.annotation.check" value="true"/>
    <property name="java.vm.name" value="Java HotSpot(TM) 64-Bit Server VM"/>
    <property name="file.encoding.pkg" value="sun.io"/>
    <property name="user.script" value=""/>
    <property name="user.country" value="US"/>
    <property name="sun.java.launcher" value="SUN_STANDARD"/>
    <property name="sun.os.patch.level" value=""/>
    <property name="java.vm.specification.name" value="Java Virtual Machine Specification"/>
    <property name="user.dir" value="C:\Users\jose osorio soto\HDOOA\HDesignPatterns\Wicket\test-project"/>
    <property name="java.runtime.version" value="1.8.0_201-b09"/>
    <property name="java.awt.graphicsenv" value="sun.awt.Win32GraphicsEnvironment"/>
    <property name="java.endorsed.dirs" value="C:\Program Files\Java\jdk1.8.0_201\jre\lib\endorsed"/>
    <property name="os.arch" value="amd64"/>
    <property name="java.io.tmpdir" value="C:\Users\JOSEOS~1\AppData\Local\Temp\"/>
    <property name="line.separator" value="
"/>
    <property name="java.vm.specification.vendor" value="Oracle Corporation"/>
    <property name="user.variant" value=""/>
    <property name="os.name" value="Windows 10"/>
    <property name="classworlds.conf" value="C:\apache-maven-3.6.0\bin\..\bin\m2.conf"/>
    <property name="sun.jnu.encoding" value="Cp1252"/>
    <property name="java.library.path" value="C:\Program Files\Java\jdk1.8.0_201\bin;C:\WINDOWS\Sun\Java\bin;C:\WINDOWS\system32;C:\WINDOWS;D:\app\Jose_Osorio_Soto\product\11.2.0\client_1;D:\app\Jose_Osorio_Soto\product\11.2.0\client_1\bin;C:\Program Files\Java\jdk1.8.0_201\bin;C:\WINDOWS\system32;C:\WINDOWS;C:\WINDOWS\System32\Wbem;C:\WINDOWS\System32\WindowsPowerShell\v1.0\;C:\Program Files (x86)\Windows Kits\10\Windows Performance Toolkit\;C:\Program Files\nodejs\;C:\apache-maven-3.6.0\bin;C:\Oracle\Middleware\Oracle_Home\user_projects\domains\base_domain;C:\Program Files\MongoDB\Server\4.0\bin;C:\apache-tomcat-8.5.38-windows-x64\apache-tomcat-8.5.38\bin;%CATALINA_HOME\bin%;C:\Program Files\MySQL\MySQL Server 8.0\bin\;C:\composer;C:\WINDOWS\System32\OpenSSH\;C:\Program Files\Java\jdk1.8.0_201\bin;C:\windows\system32;C:\windows;C:\windows\System32\Wbem;C:\windows\System32\WindowsPowerShell\v1.0\;C:\Program Files (x86)\Windows Kits\10\Windows Performance Toolkit\;C:\Program Files\nodejs\;C:\apache-maven-3.6.0\bin;C:\Oracle\Middleware\Oracle_Home\user_projects\domains\base_domain;C:\Users\jose osorio soto\AppData\Local\Microsoft\WindowsApps;C:\Users\jose osorio soto\AppData\Local\Programs\Git\cmd;C:\Users\jose osorio soto\AppData\Local\Programs\Microsoft VS Code\bin;C:\Users\jose osorio soto\AppData\Roaming\npm;C:\Program Files\JetBrains\IntelliJ IDEA 2018.3.3\bin;C:\Program Files\MongoDB\Server\4.0\bin\mongod.exe;C:\Users\jose osorio soto\AppData\Local\JetBrains\IntelliJ IDEA 2019.1.3\bin;;C:\xampp\php;C:\Users\jose osorio soto\AppData\Roaming\Composer\vendor\bin;C:\Program Files\JetBrains\IntelliJ IDEA Community Edition 2019.1.1\bin;;C:\Users\jose osorio soto\AppData\Local\Microsoft\WindowsApps;;."/>
    <property name="maven.conf" value="C:\apache-maven-3.6.0\bin\../conf"/>
    <property name="java.specification.name" value="Java Platform API Specification"/>
    <property name="java.class.version" value="52.0"/>
    <property name="sun.management.compiler" value="HotSpot 64-Bit Tiered Compilers"/>
    <property name="os.version" value="10.0"/>
    <property name="library.jansi.path" value="C:\apache-maven-3.6.0\bin\..\lib\jansi-native"/>
    <property name="user.home" value="C:\Users\jose osorio soto"/>
    <property name="user.timezone" value="America/La_Paz"/>
    <property name="java.awt.printerjob" value="sun.awt.windows.WPrinterJob"/>
    <property name="java.specification.version" value="1.8"/>
    <property name="file.encoding" value="Cp1252"/>
    <property name="user.name" value="Jose Osorio Soto"/>
    <property name="java.class.path" value="C:\apache-maven-3.6.0\bin\..\boot\plexus-classworlds-2.5.2.jar"/>
    <property name="java.vm.specification.version" value="1.8"/>
    <property name="sun.arch.data.model" value="64"/>
    <property name="java.home" value="C:\Program Files\Java\jdk1.8.0_201\jre"/>
    <property name="sun.java.command" value="org.codehaus.plexus.classworlds.launcher.Launcher install"/>
    <property name="java.specification.vendor" value="Oracle Corporation"/>
    <property name="user.language" value="en"/>
    <property name="awt.toolkit" value="sun.awt.windows.WToolkit"/>
    <property name="java.vm.info" value="mixed mode"/>
    <property name="java.version" value="1.8.0_201"/>
    <property name="java.ext.dirs" value="C:\Program Files\Java\jdk1.8.0_201\jre\lib\ext;C:\WINDOWS\Sun\Java\lib\ext"/>
    <property name="sun.boot.class.path" value="C:\Program Files\Java\jdk1.8.0_201\jre\lib\resources.jar;C:\Program Files\Java\jdk1.8.0_201\jre\lib\rt.jar;C:\Program Files\Java\jdk1.8.0_201\jre\lib\sunrsasign.jar;C:\Program Files\Java\jdk1.8.0_201\jre\lib\jsse.jar;C:\Program Files\Java\jdk1.8.0_201\jre\lib\jce.jar;C:\Program Files\Java\jdk1.8.0_201\jre\lib\charsets.jar;C:\Program Files\Java\jdk1.8.0_201\jre\lib\jfr.jar;C:\Program Files\Java\jdk1.8.0_201\jre\classes"/>
    <property name="sun.stderr.encoding" value="cp437"/>
    <property name="java.vendor" value="Oracle Corporation"/>
    <property name="maven.home" value="C:\apache-maven-3.6.0\bin\.."/>
    <property name="file.separator" value="\"/>
    <property name="java.vendor.url.bug" value="http://bugreport.sun.com/bugreport/"/>
    <property name="sun.cpu.endian" value="little"/>
    <property name="sun.io.unicode.encoding" value="UnicodeLittle"/>
    <property name="sun.stdout.encoding" value="cp437"/>
    <property name="sun.desktop" value="windows"/>
    <property name="sun.cpu.isalist" value="amd64"/>
  </properties>
  <testcase classname="com.mycompany.TestHomePage" name="homepageRendersSuccessfully" time="0.39">
    <error message="Can&apos;t instantiate page using constructor &apos;public com.mycompany.HomePage(org.apache.wicket.request.mapper.parameter.PageParameters)&apos; and argument &apos;&apos;. An exception has been thrown during construction!" type="org.apache.wicket.WicketRuntimeException">org.apache.wicket.WicketRuntimeException: Can&apos;t instantiate page using constructor &apos;public com.mycompany.HomePage(org.apache.wicket.request.mapper.parameter.PageParameters)&apos; and argument &apos;&apos;. An exception has been thrown during construction!
	at org.apache.wicket.session.DefaultPageFactory.newPage(DefaultPageFactory.java:194)
	at org.apache.wicket.session.DefaultPageFactory.newPage(DefaultPageFactory.java:76)
	at org.apache.wicket.DefaultMapperContext.newPageInstance(DefaultMapperContext.java:90)
	at org.apache.wicket.core.request.handler.PageProvider$Provision.getPage(PageProvider.java:380)
	at org.apache.wicket.core.request.handler.PageProvider.getPageInstance(PageProvider.java:171)
	at org.apache.wicket.request.handler.render.PageRenderer.getPage(PageRenderer.java:78)
	at org.apache.wicket.request.handler.render.WebPageRenderer.respond(WebPageRenderer.java:231)
	at org.apache.wicket.util.tester.BaseWicketTester$LastPageRecordingPageRendererProvider$1.respond(BaseWicketTester.java:2833)
	at org.apache.wicket.core.request.handler.RenderPageRequestHandler.respond(RenderPageRequestHandler.java:202)
	at org.apache.wicket.request.cycle.RequestCycle$HandlerExecutor.respond(RequestCycle.java:914)
	at org.apache.wicket.request.RequestHandlerExecutor.execute(RequestHandlerExecutor.java:65)
	at org.apache.wicket.request.cycle.RequestCycle.execute(RequestCycle.java:282)
	at org.apache.wicket.request.cycle.RequestCycle.processRequest(RequestCycle.java:253)
	at org.apache.wicket.request.cycle.RequestCycle.processRequestAndDetach(RequestCycle.java:221)
	at org.apache.wicket.util.tester.BaseWicketTester.processRequest(BaseWicketTester.java:713)
	at org.apache.wicket.util.tester.BaseWicketTester.processRequest(BaseWicketTester.java:652)
	at org.apache.wicket.util.tester.BaseWicketTester.processRequest(BaseWicketTester.java:624)
	at org.apache.wicket.util.tester.BaseWicketTester.startPage(BaseWicketTester.java:1278)
	at org.apache.wicket.util.tester.BaseWicketTester.startPage(BaseWicketTester.java:1251)
	at com.mycompany.TestHomePage.homepageRendersSuccessfully(TestHomePage.java:24)
	at sun.reflect.NativeMethodAccessorImpl.invoke0(Native Method)
	at sun.reflect.NativeMethodAccessorImpl.invoke(NativeMethodAccessorImpl.java:62)
	at sun.reflect.DelegatingMethodAccessorImpl.invoke(DelegatingMethodAccessorImpl.java:43)
	at java.lang.reflect.Method.invoke(Method.java:498)
	at org.junit.runners.model.FrameworkMethod$1.runReflectiveCall(FrameworkMethod.java:50)
	at org.junit.internal.runners.model.ReflectiveCallable.run(ReflectiveCallable.java:12)
	at org.junit.runners.model.FrameworkMethod.invokeExplosively(FrameworkMethod.java:47)
	at org.junit.internal.runners.statements.InvokeMethod.evaluate(InvokeMethod.java:17)
	at org.junit.internal.runners.statements.RunBefores.evaluate(RunBefores.java:26)
	at org.junit.runners.ParentRunner.runLeaf(ParentRunner.java:325)
	at org.junit.runners.BlockJUnit4ClassRunner.runChild(BlockJUnit4ClassRunner.java:78)
	at org.junit.runners.BlockJUnit4ClassRunner.runChild(BlockJUnit4ClassRunner.java:57)
	at org.junit.runners.ParentRunner$3.run(ParentRunner.java:290)
	at org.junit.runners.ParentRunner$1.schedule(ParentRunner.java:71)
	at org.junit.runners.ParentRunner.runChildren(ParentRunner.java:288)
	at org.junit.runners.ParentRunner.access$000(ParentRunner.java:58)
	at org.junit.runners.ParentRunner$2.evaluate(ParentRunner.java:268)
	at org.junit.runners.ParentRunner.run(ParentRunner.java:363)
	at org.apache.maven.surefire.junit4.JUnit4Provider.execute(JUnit4Provider.java:252)
	at org.apache.maven.surefire.junit4.JUnit4Provider.executeTestSet(JUnit4Provider.java:141)
	at org.apache.maven.surefire.junit4.JUnit4Provider.invoke(JUnit4Provider.java:112)
	at sun.reflect.NativeMethodAccessorImpl.invoke0(Native Method)
	at sun.reflect.NativeMethodAccessorImpl.invoke(NativeMethodAccessorImpl.java:62)
	at sun.reflect.DelegatingMethodAccessorImpl.invoke(DelegatingMethodAccessorImpl.java:43)
	at java.lang.reflect.Method.invoke(Method.java:498)
	at org.apache.maven.surefire.util.ReflectionUtils.invokeMethodWithArray(ReflectionUtils.java:189)
	at org.apache.maven.surefire.booter.ProviderFactory$ProviderProxy.invoke(ProviderFactory.java:165)
	at org.apache.maven.surefire.booter.ProviderFactory.invokeProvider(ProviderFactory.java:85)
	at org.apache.maven.surefire.booter.ForkedBooter.runSuitesInProcess(ForkedBooter.java:115)
	at org.apache.maven.surefire.booter.ForkedBooter.main(ForkedBooter.java:75)
Caused by: java.lang.reflect.InvocationTargetException
	at sun.reflect.NativeConstructorAccessorImpl.newInstance0(Native Method)
	at sun.reflect.NativeConstructorAccessorImpl.newInstance(NativeConstructorAccessorImpl.java:62)
	at sun.reflect.DelegatingConstructorAccessorImpl.newInstance(DelegatingConstructorAccessorImpl.java:45)
	at java.lang.reflect.Constructor.newInstance(Constructor.java:423)
	at org.apache.wicket.session.DefaultPageFactory.newPage(DefaultPageFactory.java:171)
	... 49 more
Caused by: java.lang.NullPointerException
	at com.mycompany.my.commons.base.CustomAdder.add(CustomAdder.java:27)
	at com.mycompany.HomePage.&lt;init&gt;(HomePage.java:47)
	... 54 more
</error>
    <system-out>Click on the following link:

./wicket/bookmarkable/com.mycompany.InfoPage?id=id%3D20

to Confirm Registration
[BookmarkablePageLink [Component id = bookmarkable-link]]
Class: class com.mycompany.InfoPage
name=[Anaconada Rusty]
</system-out>
    <system-err>[main] INFO org.apache.wicket.Application - [WicketTesterApplication-fb41db2f-b40d-4bd7-bd3d-a86f06216be2] init: Wicket core library initializer
[main] INFO com.mycompany.WicketApplication - [INITING Configurations......] -&gt; Name: WicketTesterApplication-fb41db2f-b40d-4bd7-bd3d-a86f06216be2
[main] INFO com.mycompany.HomePage - [ENTERING void externalLinkGenerator()]
[main] INFO com.mycompany.HomePage - [ENDING void externalLinkGenerator()]
[main] INFO com.mycompany.HomePage - [ENTERING BookmarkablePageLink link()]
[main] INFO com.mycompany.HomePage - [RETURNING BookmarkablePageLink link()]
[main] INFO com.mycompany.HomePage - [ENTERING void addingRecepies()]
[main] INFO com.mycompany.HomePage - [ENDING void addingRecepies()]
[main] INFO com.mycompany.HomePage - [ENTERING void hamburguer()]
[main] INFO com.mycompany.HomePage - [ENDING void hamburguer()]
[main] INFO com.mycompany.HomePage - [ENTERING Link&lt;Void&gt; redirectionEvent(final String id)]
[main] INFO com.mycompany.command_infrastructure.RedirectEvent - [ENTERING void setCommand(Optional&lt;? extends WebPage&gt; pageRef, Optional&lt;Class&lt;? extends Page&gt;&gt; pageToRender)]
[main] INFO com.mycompany.command_infrastructure.RedirectEvent - [ENTERING void saveLastPageBeforeRedirection(final Optional&lt;? extends WebPage&gt; lastVisitedPage)]
[main] INFO com.mycompany.command_infrastructure.RedirectEvent - [ENDING saveLastPageBeforeRedirection(final Optional&lt;? extends WebPage&gt; lastVisitedPage)]
[main] INFO com.mycompany.command_infrastructure.RedirectEvent - [ENDNIG void setCommand(Optional&lt;? extends WebPage&gt; pageRef, Optional&lt;Class&lt;? extends Page&gt;&gt; pageToRender)]
[main] INFO com.mycompany.command_infrastructure.RedirectEvent - [ENTERING Link&lt;Void&gt; event(final String id)]
Oct 07, 2019 10:27:21 AM com.mycompany.Strings isNullOrEmpty
INFO: [ENTERING static boolean isNullOrEmpty(String value)]
Oct 07, 2019 10:27:21 AM com.mycompany.Strings isNullOrEmpty
INFO: [ENDING static boolean isNullOrEmpty(String value)]
[main] INFO com.mycompany.command_infrastructure.RedirectEvent - [ENDING Link&lt;Void&gt; event(final String id) [Link [Component id = redirecter]]]
[main] WARN RequestCycleExtra - ********************************
[main] WARN RequestCycleExtra - Handling the following exception
org.apache.wicket.WicketRuntimeException: Can&apos;t instantiate page using constructor &apos;public com.mycompany.HomePage(org.apache.wicket.request.mapper.parameter.PageParameters)&apos; and argument &apos;&apos;. An exception has been thrown during construction!
	at org.apache.wicket.session.DefaultPageFactory.newPage(DefaultPageFactory.java:194)
	at org.apache.wicket.session.DefaultPageFactory.newPage(DefaultPageFactory.java:76)
	at org.apache.wicket.DefaultMapperContext.newPageInstance(DefaultMapperContext.java:90)
	at org.apache.wicket.core.request.handler.PageProvider$Provision.getPage(PageProvider.java:380)
	at org.apache.wicket.core.request.handler.PageProvider.getPageInstance(PageProvider.java:171)
	at org.apache.wicket.request.handler.render.PageRenderer.getPage(PageRenderer.java:78)
	at org.apache.wicket.request.handler.render.WebPageRenderer.respond(WebPageRenderer.java:231)
	at org.apache.wicket.util.tester.BaseWicketTester$LastPageRecordingPageRendererProvider$1.respond(BaseWicketTester.java:2833)
	at org.apache.wicket.core.request.handler.RenderPageRequestHandler.respond(RenderPageRequestHandler.java:202)
	at org.apache.wicket.request.cycle.RequestCycle$HandlerExecutor.respond(RequestCycle.java:914)
	at org.apache.wicket.request.RequestHandlerExecutor.execute(RequestHandlerExecutor.java:65)
	at org.apache.wicket.request.cycle.RequestCycle.execute(RequestCycle.java:282)
	at org.apache.wicket.request.cycle.RequestCycle.processRequest(RequestCycle.java:253)
	at org.apache.wicket.request.cycle.RequestCycle.processRequestAndDetach(RequestCycle.java:221)
	at org.apache.wicket.util.tester.BaseWicketTester.processRequest(BaseWicketTester.java:713)
	at org.apache.wicket.util.tester.BaseWicketTester.processRequest(BaseWicketTester.java:652)
	at org.apache.wicket.util.tester.BaseWicketTester.processRequest(BaseWicketTester.java:624)
	at org.apache.wicket.util.tester.BaseWicketTester.startPage(BaseWicketTester.java:1278)
	at org.apache.wicket.util.tester.BaseWicketTester.startPage(BaseWicketTester.java:1251)
	at com.mycompany.TestHomePage.homepageRendersSuccessfully(TestHomePage.java:24)
	at sun.reflect.NativeMethodAccessorImpl.invoke0(Native Method)
	at sun.reflect.NativeMethodAccessorImpl.invoke(NativeMethodAccessorImpl.java:62)
	at sun.reflect.DelegatingMethodAccessorImpl.invoke(DelegatingMethodAccessorImpl.java:43)
	at java.lang.reflect.Method.invoke(Method.java:498)
	at org.junit.runners.model.FrameworkMethod$1.runReflectiveCall(FrameworkMethod.java:50)
	at org.junit.internal.runners.model.ReflectiveCallable.run(ReflectiveCallable.java:12)
	at org.junit.runners.model.FrameworkMethod.invokeExplosively(FrameworkMethod.java:47)
	at org.junit.internal.runners.statements.InvokeMethod.evaluate(InvokeMethod.java:17)
	at org.junit.internal.runners.statements.RunBefores.evaluate(RunBefores.java:26)
	at org.junit.runners.ParentRunner.runLeaf(ParentRunner.java:325)
	at org.junit.runners.BlockJUnit4ClassRunner.runChild(BlockJUnit4ClassRunner.java:78)
	at org.junit.runners.BlockJUnit4ClassRunner.runChild(BlockJUnit4ClassRunner.java:57)
	at org.junit.runners.ParentRunner$3.run(ParentRunner.java:290)
	at org.junit.runners.ParentRunner$1.schedule(ParentRunner.java:71)
	at org.junit.runners.ParentRunner.runChildren(ParentRunner.java:288)
	at org.junit.runners.ParentRunner.access$000(ParentRunner.java:58)
	at org.junit.runners.ParentRunner$2.evaluate(ParentRunner.java:268)
	at org.junit.runners.ParentRunner.run(ParentRunner.java:363)
	at org.apache.maven.surefire.junit4.JUnit4Provider.execute(JUnit4Provider.java:252)
	at org.apache.maven.surefire.junit4.JUnit4Provider.executeTestSet(JUnit4Provider.java:141)
	at org.apache.maven.surefire.junit4.JUnit4Provider.invoke(JUnit4Provider.java:112)
	at sun.reflect.NativeMethodAccessorImpl.invoke0(Native Method)
	at sun.reflect.NativeMethodAccessorImpl.invoke(NativeMethodAccessorImpl.java:62)
	at sun.reflect.DelegatingMethodAccessorImpl.invoke(DelegatingMethodAccessorImpl.java:43)
	at java.lang.reflect.Method.invoke(Method.java:498)
	at org.apache.maven.surefire.util.ReflectionUtils.invokeMethodWithArray(ReflectionUtils.java:189)
	at org.apache.maven.surefire.booter.ProviderFactory$ProviderProxy.invoke(ProviderFactory.java:165)
	at org.apache.maven.surefire.booter.ProviderFactory.invokeProvider(ProviderFactory.java:85)
	at org.apache.maven.surefire.booter.ForkedBooter.runSuitesInProcess(ForkedBooter.java:115)
	at org.apache.maven.surefire.booter.ForkedBooter.main(ForkedBooter.java:75)
Caused by: java.lang.reflect.InvocationTargetException
	at sun.reflect.NativeConstructorAccessorImpl.newInstance0(Native Method)
	at sun.reflect.NativeConstructorAccessorImpl.newInstance(NativeConstructorAccessorImpl.java:62)
	at sun.reflect.DelegatingConstructorAccessorImpl.newInstance(DelegatingConstructorAccessorImpl.java:45)
	at java.lang.reflect.Constructor.newInstance(Constructor.java:423)
	at org.apache.wicket.session.DefaultPageFactory.newPage(DefaultPageFactory.java:171)
	... 49 more
Caused by: java.lang.NullPointerException
	at com.mycompany.my.commons.base.CustomAdder.add(CustomAdder.java:27)
	at com.mycompany.HomePage.&lt;init&gt;(HomePage.java:47)
	... 54 more
[main] WARN RequestCycleExtra - ********************************
</system-err>
  </testcase>
</testsuite>